<?xml version="1.0" encoding="UTF-8"?>
<testsuite xmlns:xsi="http://www.w3.org/2001/XMLSchema-instance" xsi:noNamespaceSchemaLocation="https://maven.apache.org/surefire/maven-surefire-plugin/xsd/surefire-test-report.xsd" name="com.ciotola.tests.RenomaxDBTests" time="192.925" tests="54" errors="0" skipped="0" failures="0">
  <properties>
    <property name="java.runtime.name" value="Java(TM) SE Runtime Environment"/>
    <property name="sun.boot.library.path" value="C:\Program Files\Java\jdk1.8.0_144\jre\bin"/>
    <property name="java.vm.version" value="25.144-b01"/>
    <property name="java.vm.vendor" value="Oracle Corporation"/>
    <property name="java.vendor.url" value="http://java.oracle.com/"/>
    <property name="path.separator" value=";"/>
    <property name="guice.disable.misplaced.annotation.check" value="true"/>
    <property name="java.vm.name" value="Java HotSpot(TM) 64-Bit Server VM"/>
    <property name="file.encoding.pkg" value="sun.io"/>
    <property name="user.script" value=""/>
    <property name="user.country" value="CA"/>
    <property name="sun.java.launcher" value="SUN_STANDARD"/>
    <property name="sun.os.patch.level" value=""/>
    <property name="java.vm.specification.name" value="Java Virtual Machine Specification"/>
    <property name="user.dir" value="C:\Users\shado\OneDrive\Documents\NetBeansProjects\RenomaxAccounting"/>
    <property name="java.runtime.version" value="1.8.0_144-b01"/>
    <property name="java.awt.graphicsenv" value="sun.awt.Win32GraphicsEnvironment"/>
    <property name="java.endorsed.dirs" value="C:\Program Files\Java\jdk1.8.0_144\jre\lib\endorsed"/>
    <property name="os.arch" value="amd64"/>
    <property name="java.io.tmpdir" value="C:\Users\shado\AppData\Local\Temp\"/>
    <property name="line.separator" value="&#10;"/>
    <property name="java.vm.specification.vendor" value="Oracle Corporation"/>
    <property name="user.variant" value=""/>
    <property name="os.name" value="Windows 10"/>
    <property name="maven.ext.class.path" value="C:\Program Files\NetBeans 8.2\java\maven-nblib\netbeans-eventspy.jar"/>
    <property name="classworlds.conf" value="C:\Program Files\NetBeans 8.2\java\maven\bin\m2.conf"/>
    <property name="sun.jnu.encoding" value="Cp1252"/>
    <property name="java.library.path" value="C:\Program Files\Java\jdk1.8.0_144\bin;C:\WINDOWS\Sun\Java\bin;C:\WINDOWS\system32;C:\WINDOWS;C:\oraclexe\app\oracle\product\11.2.0\server\bin;C:\Program Files (x86)\Intel\iCLS Client\;C:\Program Files\Intel\iCLS Client\;C:\ProgramData\Oracle\Java\javapath;C:\Python27\;C:\Python27\Scripts;C:\WINDOWS\system32;C:\WINDOWS;C:\WINDOWS\System32\Wbem;C:\WINDOWS\System32\WindowsPowerShell\v1.0\;C:\Users\shado\.dnx\bin;C:\Program Files\Microsoft DNX\Dnvm\;C:\Program Files (x86)\Windows Kits\8.1\Windows Performance Toolkit\;C:\Program Files (x86)\GtkSharp\2.12\bin;C:\Program Files (x86)\NVIDIA Corporation\PhysX\Common;C:\Program Files\Microsoft SQL Server\130\Tools\Binn\;C:\Program Files (x86)\Windows Kits\10\Windows Performance Toolkit\;C:\Program Files\Microsoft\Web Platform Installer\;C:\WINDOWS\system32;C:\WINDOWS;C:\WINDOWS\System32\Wbem;C:\WINDOWS\System32\WindowsPowerShell\v1.0\;C:\Program Files (x86)\Intel\Intel(R) Management Engine Components\DAL;C:\Program Files\Intel\Intel(R) Management Engine Components\DAL;C:\Program Files (x86)\Intel\Intel(R) Management Engine Components\IPT;C:\Program Files\Intel\Intel(R) Management Engine Components\IPT;C:\Program Files\dotnet\;C:\Program Files (x86)\Microsoft SQL Server\110\DTS\Binn\;C:\Program Files (x86)\Microsoft SQL Server\120\DTS\Binn\;C:\Program Files (x86)\Microsoft SQL Server\130\DTS\Binn\;C:\Program Files (x86)\Skype\Phone\;C:\Program Files\Git\cmd;C:\Program Files\MySQL\MySQL Utilities 1.6\;C:\HashiCorp\Vagrant\bin;C:\Users\shado\AppData\Local\Microsoft\WindowsApps;;."/>
    <property name="java.specification.name" value="Java Platform API Specification"/>
    <property name="java.class.version" value="52.0"/>
    <property name="sun.management.compiler" value="HotSpot 64-Bit Tiered Compilers"/>
    <property name="os.version" value="10.0"/>
    <property name="user.home" value="C:\Users\shado"/>
    <property name="user.timezone" value="America/New_York"/>
    <property name="java.awt.printerjob" value="sun.awt.windows.WPrinterJob"/>
    <property name="java.specification.version" value="1.8"/>
    <property name="file.encoding" value="UTF-8"/>
    <property name="user.name" value="shado"/>
    <property name="java.class.path" value="C:\Program Files\NetBeans 8.2\java\maven\boot\plexus-classworlds-2.4.jar"/>
    <property name="java.vm.specification.version" value="1.8"/>
    <property name="sun.arch.data.model" value="64"/>
    <property name="java.home" value="C:\Program Files\Java\jdk1.8.0_144\jre"/>
    <property name="sun.java.command" value="org.codehaus.plexus.classworlds.launcher.Launcher -Dmaven.ext.class.path=C:\Program Files\NetBeans 8.2\java\maven-nblib\netbeans-eventspy.jar -Dfile.encoding=UTF-8"/>
    <property name="java.specification.vendor" value="Oracle Corporation"/>
    <property name="user.language" value="en"/>
    <property name="awt.toolkit" value="sun.awt.windows.WToolkit"/>
    <property name="java.vm.info" value="mixed mode"/>
    <property name="java.version" value="1.8.0_144"/>
    <property name="java.ext.dirs" value="C:\Program Files\Java\jdk1.8.0_144\jre\lib\ext;C:\WINDOWS\Sun\Java\lib\ext"/>
    <property name="sun.boot.class.path" value="C:\Program Files\Java\jdk1.8.0_144\jre\lib\resources.jar;C:\Program Files\Java\jdk1.8.0_144\jre\lib\rt.jar;C:\Program Files\Java\jdk1.8.0_144\jre\lib\sunrsasign.jar;C:\Program Files\Java\jdk1.8.0_144\jre\lib\jsse.jar;C:\Program Files\Java\jdk1.8.0_144\jre\lib\jce.jar;C:\Program Files\Java\jdk1.8.0_144\jre\lib\charsets.jar;C:\Program Files\Java\jdk1.8.0_144\jre\lib\jfr.jar;C:\Program Files\Java\jdk1.8.0_144\jre\classes"/>
    <property name="java.vendor" value="Oracle Corporation"/>
    <property name="maven.home" value="C:\Program Files\NetBeans 8.2\java\maven"/>
    <property name="file.separator" value="\"/>
    <property name="java.vendor.url.bug" value="http://bugreport.sun.com/bugreport/"/>
    <property name="sun.cpu.endian" value="little"/>
    <property name="sun.io.unicode.encoding" value="UnicodeLittle"/>
    <property name="sun.desktop" value="windows"/>
    <property name="sun.cpu.isalist" value="amd64"/>
  </properties>
  <testcase name="testUpdateSupplier" classname="com.ciotola.tests.RenomaxDBTests" time="3.895"/>
  <testcase name="testUpdateInvoice" classname="com.ciotola.tests.RenomaxDBTests" time="3.991"/>
  <testcase name="testAddSubDescriptionFail" classname="com.ciotola.tests.RenomaxDBTests" time="4.158"/>
  <testcase name="testFindSubDescriptionByID" classname="com.ciotola.tests.RenomaxDBTests" time="3.228"/>
  <testcase name="testFindSupplierByIDFail" classname="com.ciotola.tests.RenomaxDBTests" time="3.529"/>
  <testcase name="testAddInvoiceFail" classname="com.ciotola.tests.RenomaxDBTests" time="3.354"/>
  <testcase name="testDeleteClientFail" classname="com.ciotola.tests.RenomaxDBTests" time="3.264"/>
  <testcase name="testDeleteMainDescriptionFail" classname="com.ciotola.tests.RenomaxDBTests" time="3.234"/>
  <testcase name="testUpdateSubDescription" classname="com.ciotola.tests.RenomaxDBTests" time="3.953"/>
  <testcase name="testAddClientFail" classname="com.ciotola.tests.RenomaxDBTests" time="3.617"/>
  <testcase name="testUpdateClientFail" classname="com.ciotola.tests.RenomaxDBTests" time="3.48"/>
  <testcase name="testFindClientByID" classname="com.ciotola.tests.RenomaxDBTests" time="3.662"/>
  <testcase name="testAddMainDescriptionFail" classname="com.ciotola.tests.RenomaxDBTests" time="3.119"/>
  <testcase name="testAddInvoice" classname="com.ciotola.tests.RenomaxDBTests" time="3.477"/>
  <testcase name="testDeleteSupplierFail" classname="com.ciotola.tests.RenomaxDBTests" time="4.767"/>
  <testcase name="testUpdateExpense" classname="com.ciotola.tests.RenomaxDBTests" time="3.412"/>
  <testcase name="testUpdateExpenseFail" classname="com.ciotola.tests.RenomaxDBTests" time="3.082"/>
  <testcase name="testUpdateSupplierFail" classname="com.ciotola.tests.RenomaxDBTests" time="3.434"/>
  <testcase name="testDeleteSupplier" classname="com.ciotola.tests.RenomaxDBTests" time="3.392"/>
  <testcase name="testDeleteInvoice" classname="com.ciotola.tests.RenomaxDBTests" time="3.882"/>
  <testcase name="testDeleteSubDescription" classname="com.ciotola.tests.RenomaxDBTests" time="3.793"/>
  <testcase name="testUpdateMainDescriptionFail" classname="com.ciotola.tests.RenomaxDBTests" time="3.31"/>
  <testcase name="testFindAllExpenses" classname="com.ciotola.tests.RenomaxDBTests" time="3.26"/>
  <testcase name="testFindExpenseByID" classname="com.ciotola.tests.RenomaxDBTests" time="3.443"/>
  <testcase name="testAddSupplierFail" classname="com.ciotola.tests.RenomaxDBTests" time="3.65"/>
  <testcase name="testUpdateClient" classname="com.ciotola.tests.RenomaxDBTests" time="3.358"/>
  <testcase name="testFindSubDescriptionByIDFail" classname="com.ciotola.tests.RenomaxDBTests" time="3.006"/>
  <testcase name="testFindExpenseByIDFail" classname="com.ciotola.tests.RenomaxDBTests" time="3.917"/>
  <testcase name="testDeleteMainDescription" classname="com.ciotola.tests.RenomaxDBTests" time="3.652"/>
  <testcase name="testFindAllSubDescription" classname="com.ciotola.tests.RenomaxDBTests" time="4.061"/>
  <testcase name="testDeleteClient" classname="com.ciotola.tests.RenomaxDBTests" time="3.79"/>
  <testcase name="testUpdateSubDescriptionFail" classname="com.ciotola.tests.RenomaxDBTests" time="3.494"/>
  <testcase name="testAddExpense" classname="com.ciotola.tests.RenomaxDBTests" time="4.147"/>
  <testcase name="testFindMainDescriptionByID" classname="com.ciotola.tests.RenomaxDBTests" time="3.479"/>
  <testcase name="testFindAllClients" classname="com.ciotola.tests.RenomaxDBTests" time="3.343"/>
  <testcase name="testFindAllSuppliers" classname="com.ciotola.tests.RenomaxDBTests" time="3.967"/>
  <testcase name="testUpdateInvoiceFail" classname="com.ciotola.tests.RenomaxDBTests" time="3.558"/>
  <testcase name="testAddClient" classname="com.ciotola.tests.RenomaxDBTests" time="3.465"/>
  <testcase name="testFindInvoiceByID" classname="com.ciotola.tests.RenomaxDBTests" time="3.155"/>
  <testcase name="testDeleteExpense" classname="com.ciotola.tests.RenomaxDBTests" time="3.464"/>
  <testcase name="testFindClientByIDFail" classname="com.ciotola.tests.RenomaxDBTests" time="4.709"/>
  <testcase name="testDeleteExpenseFail" classname="com.ciotola.tests.RenomaxDBTests" time="3.384"/>
  <testcase name="testFindMainDescriptionByIDFail" classname="com.ciotola.tests.RenomaxDBTests" time="2.909"/>
  <testcase name="testFindSupplierByID" classname="com.ciotola.tests.RenomaxDBTests" time="3.004"/>
  <testcase name="testFindInvoiceByIDFail" classname="com.ciotola.tests.RenomaxDBTests" time="3.072"/>
  <testcase name="testUpdateMainDescription" classname="com.ciotola.tests.RenomaxDBTests" time="3.329"/>
  <testcase name="testAddSupplier" classname="com.ciotola.tests.RenomaxDBTests" time="4.881"/>
  <testcase name="testDeleteInvoiceFail" classname="com.ciotola.tests.RenomaxDBTests" time="3.275"/>
  <testcase name="testAddSubDescription" classname="com.ciotola.tests.RenomaxDBTests" time="3.614"/>
  <testcase name="testAddMainDescription" classname="com.ciotola.tests.RenomaxDBTests" time="3.004"/>
  <testcase name="testDeleteSubDescriptionFail" classname="com.ciotola.tests.RenomaxDBTests" time="3.326"/>
  <testcase name="testFindAllMainDescription" classname="com.ciotola.tests.RenomaxDBTests" time="4.197"/>
  <testcase name="testFindAllInvoices" classname="com.ciotola.tests.RenomaxDBTests" time="3.416"/>
  <testcase name="testAddExpenseFail" classname="com.ciotola.tests.RenomaxDBTests" time="3.207"/>
</testsuite>